0 10482.335229210534 0.04695543116778956 0.09612727165222168
10 7764.81093593249 0.3058896782313033 3.9722108840942383
20 780.7269699273833 1.2646939648868751 7.735663652420044
30 414.87319923941766 1.758912312056882 11.47683310508728
40 583.42893571173 1.6539462670527671 15.291654586791992
50 343.36802666198207 2.473861000797151 19.260914087295532
60 271.74851642349574 2.4432840683749193 23.500227451324463
70 221.04091703300747 3.039528689947368 27.738783359527588
80 206.88255929639212 3.4613063589476862 32.034215688705444
90 187.67367911408462 4.22880399525882 36.280755043029785
100 182.16131676890615 4.9368914634161305 40.49644732475281
110 167.04253952913365 6.290247214435486 44.24870705604553
120 158.78474224125222 7.762840450251176 47.92640709877014
130 148.56802182413807 10.122344170523814 51.64851903915405
140 136.74549046755584 13.568213228172205 55.32551407814026
150 126.82839265039394 17.621335324678174 59.0120964050293
160 116.49930993102882 22.428654810978234 62.75412106513977
170 109.38876260538184 27.117004578663135 66.42690968513489
180 99.2064713712968 32.71570868050696 70.07771134376526
190 91.40115659731893 37.92034592218447 73.72972512245178
200 87.66307954303679 42.405269191367736 77.30681586265564
210 82.21777092958683 48.37674862424718 80.94234323501587
220 79.62861352002372 51.080395028137 84.51691699028015
230 78.68420012080294 53.16086992770921 88.09314036369324
240 76.09892969356773 57.189290212164906 91.69524073600769
250 76.343637872972 57.90885949917426 95.26895046234131
260 71.95414546513243 60.417083601584835 98.73734593391418
270 70.64289112694445 63.047328217118235 102.19875121116638
280 71.17089396732513 63.36610812894342 105.67122507095337
290 71.01290215822178 66.48376359275059 109.99099969863892
300 69.30502378389039 66.45885465238406 114.25757217407227
310 68.0167441067177 69.08386689370602 118.51282858848572
320 66.89552730350123 69.93997508289814 122.7622320652008
330 69.12148441328397 69.86836680671094 127.0829074382782
340 65.4870642210792 72.63684106641936 131.3331596851349
350 63.74854819430451 73.57846277284331 135.58417463302612
360 62.83444144439943 74.42098374023263 139.83793997764587
370 63.979930224448786 77.05327045792163 144.15107035636902
380 63.666666787245404 76.8331926820816 148.408917427063
390 63.56344925325242 79.30514184635807 152.68398308753967
400 62.83371083092662 78.87772131177152 156.969553232193
410 63.54025632930099 82.2510546245484 161.30182123184204
420 61.922049627943764 81.48107450574096 165.56564831733704
430 61.04606782119431 82.27781368337119 169.83969449996948
440 59.65395453591425 82.86922826125216 174.13415932655334
450 58.66067516069414 84.44563517828502 178.4235179424286
460 58.3113132844003 85.55309829463157 182.7769193649292
470 57.97721947651974 86.05164038944483 187.06323647499084
480 57.72259114592518 87.37719843600419 191.34915471076965
490 59.74019956843796 87.0262989783799 195.62976551055908
500 58.55217724751349 88.52465448652814 199.96156787872314
510 57.80073911772402 88.25884635207406 204.22274565696716
520 60.69878516757542 90.74425136584567 208.49888229370117
530 59.95204714150242 89.44795749148845 212.7742042541504
540 56.99655829530064 90.45103274825195 217.1097149848938
550 57.475353773807356 91.4302142469696 221.40284609794617
560 58.94642227404722 91.50936858041685 225.67714190483093
570 56.78269581056003 92.73222646699385 229.96796870231628
580 56.41828128366011 93.3016352095369 234.30417323112488
590 60.13909447312833 91.98390558302911 238.5775864124298
600 59.15982221363858 92.50901305715986 242.8280005455017
610 57.29302685547492 93.37419168807668 247.06324553489685
620 56.60620959846766 93.50266037517947 251.36030411720276
630 55.25492946946633 94.11348779465449 255.58969712257385
640 56.63906107597441 95.23344402747725 259.830326795578
650 56.532530021262495 93.85152544629045 264.0735764503479
660 53.99906083998775 95.65108314848182 268.37154483795166
670 55.206755568089385 95.92834196091819 272.6059601306915
680 54.54297969109309 95.64357602973679 276.83544182777405
690 56.94805646086174 96.71375849046362 281.06993675231934
700 60.30369587890493 94.94862841560773 285.30445528030396
710 57.472884095669635 96.37184407791052 289.59871339797974
720 58.48349096272083 96.28543688451235 293.8357722759247
730 57.73617871920659 96.85764601865004 298.07191610336304
740 55.556582522160795 97.04143406304486 302.3022482395172
750 54.009077207267794 97.79405544417749 306.59393548965454
760 53.964762443607945 97.9136471119294 310.82772994041443
770 59.1470102970102 96.41806485852523 315.0565505027771
780 58.923842018928475 98.97686151220508 319.28237104415894
790 58.16749349529976 96.4537947563465 323.5792381763458
800 56.21106454763853 98.09081654099852 327.81344842910767
810 55.80532455750908 97.62221091181847 332.04551553726196
820 55.25588622936168 98.03323873404268 336.27208948135376
830 54.110470688523414 98.44558643695608 340.58676195144653
840 52.73870428399829 98.07001654635975 344.83254742622375
850 55.04946424292707 97.54240730693392 349.07704162597656
860 53.28818612831 98.76545748557807 353.30599570274353
870 53.86264257641399 98.4052465293444 357.614563703537
880 54.920525300020095 98.81152980646146 361.85036039352417
890 56.270634738175865 99.59317540037925 366.0851368904114
900 56.62990379945045 98.42294097904573 370.3119909763336
910 57.576046943662355 98.95325362117737 374.6201686859131
920 59.32556923102545 99.52076840442358 378.85430121421814
930 55.67423971545631 99.08980796800732 383.08666372299194
940 56.41225665533499 98.65064824389317 387.32301235198975
950 56.57845472327754 99.205138488624 391.56575894355774
960 57.811029351768866 100.50993867190921 395.8710286617279
970 54.47620868053353 100.16704466239986 400.1073818206787
980 56.30830821957602 99.29327761226871 404.33521842956543
990 57.20302705565172 100.82586373047579 408.649037361145
1000 55.60060925426949 99.98091157469369 412.89457869529724
1010 55.854434483296686 100.31403630238671 417.13462257385254
1020 55.005888722911706 100.87049967854621 421.3715262413025
1030 53.98606737921956 100.81827954183116 425.60431432724
1040 55.665608453281 100.04316466234762 429.9185917377472
1050 57.22585755634988 101.77552042796044 434.1480927467346
1060 56.10525451869522 100.37138836129765 438.39545488357544
1070 54.53240567755648 100.37601388687332 442.62853360176086
1080 54.048827371196154 101.2787640060398 446.94676446914673
1090 53.55249302937658 100.86003711934217 451.18947982788086
1100 53.297058963284336 101.51781990940482 455.4373803138733
1110 53.4906191554566 102.04605412737139 459.68950748443604
1120 53.31274452515877 102.01656242734447 464.0023753643036
1130 54.883570755411 101.6983126437117 468.25129103660583
1140 57.98396488734549 103.63809765999389 472.0898468494415
1150 55.3017549500426 102.07475767268281 475.6053388118744
1160 55.12641701116128 102.25450278169615 479.18700098991394
1170 55.28266438800733 104.10553592274734 482.73461389541626
1180 55.57620437374342 101.82803106387904 486.2337176799774
1190 52.80360061620754 102.68843826106007 489.73626589775085
1200 52.98894123547615 103.34928694509175 493.24272775650024
1210 52.530250970469794 103.403908972332 496.8150472640991
1220 52.65001863317373 103.82943511321099 500.3335831165314
1230 51.82569283255661 103.99513173857373 503.8501341342926
1240 51.17717243501802 104.3117851934332 507.3640809059143
1250 51.69566693800881 104.27549507274483 510.9951527118683
1260 52.40552599358909 104.52870495794606 514.9159977436066
1270 52.852168296019784 105.13124086557401 518.6245801448822
1280 51.76574376048251 104.90278951737535 522.1805777549744
1290 51.37159162068343 104.31693684158091 525.7543425559998
1300 50.41706589145511 104.21110955967673 529.9236829280853
1310 50.66262747544933 104.33953673403037 534.074912071228
1320 50.89977684474007 104.49123099249681 538.2155613899231
1330 51.53327854234837 104.95939007027256 542.3677597045898
1340 51.59358647755114 105.05165185110258 546.5837745666504
1350 51.57999866898275 105.23909299908172 550.7323305606842
1360 52.086734829271094 105.81997033368519 554.8605501651764
1370 51.04160221628996 105.30863871147409 558.9920670986176
1380 51.407915329901755 104.89546769028203 563.1819651126862
1390 51.596222707674855 105.1266735273523 567.3085629940033
1400 51.446235013739624 105.31151600519321 571.3728134632111
1410 51.437335964562 106.19860348686983 575.0743207931519
1420 51.25243771817274 106.02315405312468 578.8259363174438
1430 51.66180695596839 105.80721737378234 582.5268301963806
1440 51.79328859778822 106.1896113465466 586.218213558197
1450 52.221569165236545 106.54543957876587 589.9005694389343
1460 51.91000591497286 106.73657638882099 593.5803236961365
1470 52.78384792468822 105.76678043207545 597.3443217277527
1480 56.239064117935115 105.12268539578696 601.0468838214874
1490 51.59646711579255 106.45332056597842 604.73508477211
1500 52.92315838270188 107.58255888841701 608.4970750808716
1510 52.120914762270246 105.6958917102101 612.6742355823517
1520 50.74113356018636 106.98388693397759 616.7864196300507
1530 50.48611639914404 106.34257136051657 620.8893535137177
1540 50.39573071641884 106.46422101120743 625.0492134094238
1550 50.21606736860586 106.46328832192495 629.1741018295288
1560 50.146541887486755 106.70959236820983 633.3699262142181
1570 50.37690954803786 106.84204922015118 637.5112478733063
1580 50.32520958674908 106.75392630235402 641.634957075119
1590 50.353985044919 106.66279871644248 645.7616331577301
1600 50.26206757455134 106.72864237488335 649.9345846176147
1610 50.45038689251028 106.74896430290966 654.0187509059906
1620 50.50569687432715 106.91778091376699 658.1268403530121
1630 50.08776324432801 106.83532331454427 662.237176656723
1640 50.00372066901963 106.92301192685005 666.4293179512024
1650 50.0780773930136 106.82363226453596 670.5585441589355
1660 50.114584305869016 106.91570963269193 674.6536862850189
1670 50.01438841488219 106.95262396715049 678.7927985191345
1680 50.11408324318976 107.05813015357081 683.0123105049133
1690 50.307696151673454 106.98962984744293 687.16264295578
1700 50.345930504861386 107.13874079521587 691.3016147613525
1710 50.39741179096997 106.87912711909752 695.4294230937958
1720 50.2027446927115 107.08612845025279 699.5752596855164
1730 50.12543134864569 106.9734203474872 703.7726809978485
1740 49.98855243565135 107.24116096384158 707.9189829826355
1750 49.84894019612127 107.15008489595076 712.0625581741333
1760 49.85137067113253 107.10440209551888 716.2143726348877
1770 49.85286722107118 107.30542983586362 720.4134912490845
1780 49.98457909329583 107.56472475795061 724.2658548355103
1790 50.27311178263661 106.95391064841857 727.9451894760132
1800 50.21467540091142 107.50375177032112 731.6320130825043
1810 50.04627515851256 107.31983293510983 735.3976459503174
1820 49.98532207133705 107.18793610349825 739.0913438796997
1830 50.12839565252794 107.13654081131216 742.7973434925079
1840 49.91916640735437 107.36466962030887 746.4906394481659
1850 50.02393145001946 107.34651754516571 750.2509140968323
1860 50.0116499545883 107.18345421467856 753.9475665092468
1870 50.00297409591923 107.30031491990941 757.651202917099
1880 49.85592645348777 107.38646704730856 761.35830950737
1890 49.773062018569604 107.33169932513603 765.0439054965973
1900 49.75718534931277 107.61108431865226 768.7891764640808
1910 49.78893101777481 107.37910075448971 772.4679336547852
1920 49.72640122245734 107.4657441737195 776.1700077056885
1930 49.71383385932806 107.40007793601126 779.8600931167603
1940 49.88513950659772 107.47677304580094 783.6264297962189
1950 50.07099406329682 107.52912098676126 787.3147242069244
1960 50.225230871858074 107.77420744002528 791.0123398303986
1970 50.356379741418024 107.9467901207855 794.6983976364136
1980 50.04922460430862 107.4892577204282 798.3910880088806
1990 50.30805321843703 107.7849782110893 802.1503899097443
2000 50.16801097530288 107.59194786624084 805.8144133090973